# JRE version: Java(TM) SE Runtime Environment (21.0.6+8) (build 21.0.6+8-LTS-188)
# Java VM: Java HotSpot(TM) 64-Bit Server VM (21.0.6+8-LTS-188, mixed mode, sharing, tiered, compressed oops, compressed class ptrs, g1 gc, windows-amd64)
GC Precious Log:
 CardTable entry size: 512
 Card Set container configuration: InlinePtr #cards 5 size 8 Array Of Cards #cards 12 size 40 Howl #buckets 4 coarsen threshold 1843 Howl Bitmap #cards 512 size 80 coarsen threshold 460 Card regions per heap region 1 cards per card region 2048
 CPUs: 8 total, 8 available
 Memory: 7975M
 Large Page Support: Disabled
 NUMA Support: Disabled
 Compressed Oops: Enabled (32-bit)
 Heap Region Size: 1M
 Heap Min Capacity: 8M
 Heap Initial Capacity: 126M
 Heap Max Capacity: 1994M
 Pre-touch: Disabled
 Parallel Workers: 8
 Concurrent Workers: 2
 Concurrent Refinement Workers: 8
 Periodic GC: Disabled
Heap:
 garbage-first heap   total 273408K, used 217789K [0x0000000083600000, 0x0000000100000000)
  region size 1024K, 115 young (117760K), 12 survivors (12288K)
 Metaspace       used 133308K, committed 134528K, reserved 1179648K
  class space    used 17528K, committed 18112K, reserved 1048576K
GC Heap History (20 events):
Event: 489.090 GC heap before
{Heap before GC invocations=45 (full 0):
 garbage-first heap   total 316416K, used 117101K [0x0000000083600000, 0x0000000100000000)
  region size 1024K, 15 young (15360K), 14 survivors (14336K)
 Metaspace       used 128468K, committed 129664K, reserved 1179648K
  class space    used 17102K, committed 17664K, reserved 1048576K
}
Event: 489.229 GC heap after
{Heap after GC invocations=46 (full 0):
 garbage-first heap   total 316416K, used 117534K [0x0000000083600000, 0x0000000100000000)
  region size 1024K, 1 young (1024K), 1 survivors (1024K)
 Metaspace       used 128468K, committed 129664K, reserved 1179648K
  class space    used 17102K, committed 17664K, reserved 1048576K
}
Event: 589.879 GC heap before
{Heap before GC invocations=47 (full 0):
 garbage-first heap   total 316416K, used 154398K [0x0000000083600000, 0x0000000100000000)
  region size 1024K, 38 young (38912K), 1 survivors (1024K)
 Metaspace       used 128853K, committed 130112K, reserved 1179648K
  class space    used 17180K, committed 17728K, reserved 1048576K
}
Event: 591.101 GC heap after
{Heap after GC invocations=48 (full 1):
 garbage-first heap   total 273408K, used 78364K [0x0000000083600000, 0x0000000100000000)
  region size 1024K, 0 young (0K), 0 survivors (0K)
 Metaspace       used 128807K, committed 130112K, reserved 1179648K
  class space    used 17169K, committed 17728K, reserved 1048576K
}
Event: 602.795 GC heap before
{Heap before GC invocations=48 (full 1):
 garbage-first heap   total 273408K, used 211484K [0x0000000083600000, 0x0000000100000000)
  region size 1024K, 131 young (134144K), 0 survivors (0K)
 Metaspace       used 129026K, committed 130176K, reserved 1179648K
  class space    used 17197K, committed 17728K, reserved 1048576K
}
Event: 602.854 GC heap after
{Heap after GC invocations=49 (full 1):
 garbage-first heap   total 273408K, used 86556K [0x0000000083600000, 0x0000000100000000)
  region size 1024K, 8 young (8192K), 8 survivors (8192K)
 Metaspace       used 129026K, committed 130176K, reserved 1179648K
  class space    used 17197K, committed 17728K, reserved 1048576K
}
Event: 636.847 GC heap before
{Heap before GC invocations=50 (full 1):
 garbage-first heap   total 273408K, used 244252K [0x0000000083600000, 0x0000000100000000)
  region size 1024K, 160 young (163840K), 8 survivors (8192K)
 Metaspace       used 130162K, committed 131392K, reserved 1179648K
  class space    used 17300K, committed 17856K, reserved 1048576K
}
Event: 636.927 GC heap after
{Heap after GC invocations=51 (full 1):
 garbage-first heap   total 273408K, used 92268K [0x0000000083600000, 0x0000000100000000)
  region size 1024K, 14 young (14336K), 14 survivors (14336K)
 Metaspace       used 130162K, committed 131392K, reserved 1179648K
  class space    used 17300K, committed 17856K, reserved 1048576K
}
Event: 639.961 GC heap before
{Heap before GC invocations=51 (full 1):
 garbage-first heap   total 273408K, used 171116K [0x0000000083600000, 0x0000000100000000)
  region size 1024K, 91 young (93184K), 14 survivors (14336K)
 Metaspace       used 130399K, committed 131648K, reserved 1179648K
  class space    used 17317K, committed 17856K, reserved 1048576K
}
Event: 639.999 GC heap after
{Heap after GC invocations=52 (full 1):
 garbage-first heap   total 273408K, used 97084K [0x0000000083600000, 0x0000000100000000)
  region size 1024K, 6 young (6144K), 6 survivors (6144K)
 Metaspace       used 130399K, committed 131648K, reserved 1179648K
  class space    used 17317K, committed 17856K, reserved 1048576K
}
Event: 640.133 GC heap before
{Heap before GC invocations=52 (full 1):
 garbage-first heap   total 273408K, used 99132K [0x0000000083600000, 0x0000000100000000)
  region size 1024K, 9 young (9216K), 6 survivors (6144K)
 Metaspace       used 130402K, committed 131648K, reserved 1179648K
  class space    used 17317K, committed 17856K, reserved 1048576K
}
Event: 640.156 GC heap after
{Heap after GC invocations=53 (full 1):
 garbage-first heap   total 273408K, used 95434K [0x0000000083600000, 0x0000000100000000)
  region size 1024K, 4 young (4096K), 4 survivors (4096K)
 Metaspace       used 130402K, committed 131648K, reserved 1179648K
  class space    used 17317K, committed 17856K, reserved 1048576K
}
Event: 677.337 GC heap before
{Heap before GC invocations=54 (full 1):
 garbage-first heap   total 273408K, used 244938K [0x0000000083600000, 0x0000000100000000)
  region size 1024K, 149 young (152576K), 4 survivors (4096K)
 Metaspace       used 131269K, committed 132480K, reserved 1179648K
  class space    used 17386K, committed 17920K, reserved 1048576K
}
Event: 677.459 GC heap after
{Heap after GC invocations=55 (full 1):
 garbage-first heap   total 273408K, used 100798K [0x0000000083600000, 0x0000000100000000)
  region size 1024K, 9 young (9216K), 9 survivors (9216K)
 Metaspace       used 131269K, committed 132480K, reserved 1179648K
  class space    used 17386K, committed 17920K, reserved 1048576K
}
Event: 683.293 GC heap before
{Heap before GC invocations=55 (full 1):
 garbage-first heap   total 273408K, used 218558K [0x0000000083600000, 0x0000000100000000)
  region size 1024K, 122 young (124928K), 9 survivors (9216K)
 Metaspace       used 131521K, committed 132736K, reserved 1179648K
  class space    used 17404K, committed 17984K, reserved 1048576K
}
Event: 683.307 GC heap after
{Heap after GC invocations=56 (full 1):
 garbage-first heap   total 273408K, used 104236K [0x0000000083600000, 0x0000000100000000)
  region size 1024K, 12 young (12288K), 12 survivors (12288K)
 Metaspace       used 131521K, committed 132736K, reserved 1179648K
  class space    used 17404K, committed 17984K, reserved 1048576K
}
Event: 705.388 GC heap before
{Heap before GC invocations=56 (full 1):
 garbage-first heap   total 273408K, used 243500K [0x0000000083600000, 0x0000000100000000)
  region size 1024K, 148 young (151552K), 12 survivors (12288K)
 Metaspace       used 132413K, committed 133632K, reserved 1179648K
  class space    used 17472K, committed 18048K, reserved 1048576K
}
Event: 705.446 GC heap after
{Heap after GC invocations=57 (full 1):
 garbage-first heap   total 273408K, used 108852K [0x0000000083600000, 0x0000000100000000)
  region size 1024K, 10 young (10240K), 10 survivors (10240K)
 Metaspace       used 132413K, committed 133632K, reserved 1179648K
  class space    used 17472K, committed 18048K, reserved 1048576K
}
Event: 709.629 GC heap before
{Heap before GC invocations=58 (full 1):
 garbage-first heap   total 273408K, used 247092K [0x0000000083600000, 0x0000000100000000)
  region size 1024K, 143 young (146432K), 10 survivors (10240K)
 Metaspace       used 132658K, committed 133888K, reserved 1179648K
  class space    used 17489K, committed 18048K, reserved 1048576K
}
Event: 709.664 GC heap after
{Heap after GC invocations=59 (full 1):
 garbage-first heap   total 273408K, used 113341K [0x0000000083600000, 0x0000000100000000)
  region size 1024K, 12 young (12288K), 12 survivors (12288K)
 Metaspace       used 132658K, committed 133888K, reserved 1179648K
  class space    used 17489K, committed 18048K, reserved 1048576K
}

