# JRE version: Java(TM) SE Runtime Environment (21.0.3+7) (build 21.0.3+7-LTS-152)
# Java VM: Java HotSpot(TM) 64-Bit Server VM (21.0.3+7-LTS-152, mixed mode, emulated-client, sharing, tiered, compressed oops, compressed class ptrs, g1 gc, windows-amd64)
GC Precious Log:
 CardTable entry size: 512
 Card Set container configuration: InlinePtr #cards 4 size 8 Array Of Cards #cards 16 size 48 Howl #buckets 8 coarsen threshold 3686 Howl Bitmap #cards 512 size 80 coarsen threshold 460 Card regions per heap region 1 cards per card region 4096
 CPUs: 16 total, 16 available
 Memory: 16108M
 Large Page Support: Disabled
 NUMA Support: Disabled
 Compressed Oops: Enabled (Zero based)
 Heap Region Size: 2M
 Heap Min Capacity: 8M
 Heap Initial Capacity: 252M
 Heap Max Capacity: 4028M
 Pre-touch: Disabled
 Parallel Workers: 13
 Concurrent Workers: 3
 Concurrent Refinement Workers: 13
 Periodic GC: Disabled
Heap:
 garbage-first heap   total 280576K, used 109514K [0x0000000704400000, 0x0000000800000000)
  region size 2048K, 12 young (24576K), 5 survivors (10240K)
 Metaspace       used 121283K, committed 122432K, reserved 1179648K
  class space    used 17518K, committed 18048K, reserved 1048576K
GC Heap History (20 events):
Event: 27.769 GC heap before
{Heap before GC invocations=35 (full 0):
 garbage-first heap   total 280576K, used 248420K [0x0000000704400000, 0x0000000800000000)
  region size 2048K, 59 young (120832K), 6 survivors (12288K)
 Metaspace       used 100412K, committed 101376K, reserved 1179648K
  class space    used 14586K, committed 15040K, reserved 1048576K
}
Event: 27.781 GC heap after
{Heap after GC invocations=36 (full 0):
 garbage-first heap   total 280576K, used 142436K [0x0000000704400000, 0x0000000800000000)
  region size 2048K, 5 young (10240K), 5 survivors (10240K)
 Metaspace       used 100412K, committed 101376K, reserved 1179648K
  class space    used 14586K, committed 15040K, reserved 1048576K
}
Event: 29.379 GC heap before
{Heap before GC invocations=36 (full 0):
 garbage-first heap   total 280576K, used 253028K [0x0000000704400000, 0x0000000800000000)
  region size 2048K, 59 young (120832K), 5 survivors (10240K)
 Metaspace       used 102147K, committed 103168K, reserved 1179648K
  class space    used 14834K, committed 15296K, reserved 1048576K
}
Event: 29.394 GC heap after
{Heap after GC invocations=37 (full 0):
 garbage-first heap   total 280576K, used 146813K [0x0000000704400000, 0x0000000800000000)
  region size 2048K, 6 young (12288K), 6 survivors (12288K)
 Metaspace       used 102147K, committed 103168K, reserved 1179648K
  class space    used 14834K, committed 15296K, reserved 1048576K
}
Event: 30.926 GC heap before
{Heap before GC invocations=38 (full 0):
 garbage-first heap   total 280576K, used 226685K [0x0000000704400000, 0x0000000800000000)
  region size 2048K, 56 young (114688K), 6 survivors (12288K)
 Metaspace       used 103750K, committed 104832K, reserved 1179648K
  class space    used 15067K, committed 15552K, reserved 1048576K
}
Event: 30.937 GC heap after
{Heap after GC invocations=39 (full 0):
 garbage-first heap   total 280576K, used 127903K [0x0000000704400000, 0x0000000800000000)
  region size 2048K, 6 young (12288K), 6 survivors (12288K)
 Metaspace       used 103750K, committed 104832K, reserved 1179648K
  class space    used 15067K, committed 15552K, reserved 1048576K
}
Event: 33.643 GC heap before
{Heap before GC invocations=39 (full 0):
 garbage-first heap   total 280576K, used 250783K [0x0000000704400000, 0x0000000800000000)
  region size 2048K, 66 young (135168K), 6 survivors (12288K)
 Metaspace       used 110950K, committed 112192K, reserved 1179648K
  class space    used 16047K, committed 16640K, reserved 1048576K
}
Event: 33.660 GC heap after
{Heap after GC invocations=40 (full 0):
 garbage-first heap   total 280576K, used 109082K [0x0000000704400000, 0x0000000800000000)
  region size 2048K, 6 young (12288K), 6 survivors (12288K)
 Metaspace       used 110950K, committed 112192K, reserved 1179648K
  class space    used 16047K, committed 16640K, reserved 1048576K
}
Event: 564.994 GC heap before
{Heap before GC invocations=40 (full 0):
 garbage-first heap   total 280576K, used 250394K [0x0000000704400000, 0x0000000800000000)
  region size 2048K, 75 young (153600K), 6 survivors (12288K)
 Metaspace       used 113309K, committed 114560K, reserved 1179648K
  class space    used 16398K, committed 17024K, reserved 1048576K
}
Event: 565.030 GC heap after
{Heap after GC invocations=41 (full 0):
 garbage-first heap   total 280576K, used 111417K [0x0000000704400000, 0x0000000800000000)
  region size 2048K, 5 young (10240K), 5 survivors (10240K)
 Metaspace       used 113309K, committed 114560K, reserved 1179648K
  class space    used 16398K, committed 17024K, reserved 1048576K
}
Event: 862.167 GC heap before
{Heap before GC invocations=41 (full 0):
 garbage-first heap   total 280576K, used 238393K [0x0000000704400000, 0x0000000800000000)
  region size 2048K, 69 young (141312K), 5 survivors (10240K)
 Metaspace       used 120377K, committed 121600K, reserved 1179648K
  class space    used 17404K, committed 17984K, reserved 1048576K
}
Event: 862.199 GC heap after
{Heap after GC invocations=42 (full 0):
 garbage-first heap   total 280576K, used 116619K [0x0000000704400000, 0x0000000800000000)
  region size 2048K, 8 young (16384K), 8 survivors (16384K)
 Metaspace       used 120377K, committed 121600K, reserved 1179648K
  class space    used 17404K, committed 17984K, reserved 1048576K
}
Event: 1200.479 GC heap before
{Heap before GC invocations=43 (full 0):
 garbage-first heap   total 280576K, used 243595K [0x0000000704400000, 0x0000000800000000)
  region size 2048K, 71 young (145408K), 8 survivors (16384K)
 Metaspace       used 120836K, committed 121984K, reserved 1179648K
  class space    used 17459K, committed 17984K, reserved 1048576K
}
Event: 1200.493 GC heap after
{Heap after GC invocations=44 (full 0):
 garbage-first heap   total 280576K, used 116116K [0x0000000704400000, 0x0000000800000000)
  region size 2048K, 5 young (10240K), 5 survivors (10240K)
 Metaspace       used 120836K, committed 121984K, reserved 1179648K
  class space    used 17459K, committed 17984K, reserved 1048576K
}
Event: 1635.895 GC heap before
{Heap before GC invocations=44 (full 0):
 garbage-first heap   total 280576K, used 251284K [0x0000000704400000, 0x0000000800000000)
  region size 2048K, 72 young (147456K), 5 survivors (10240K)
 Metaspace       used 120945K, committed 122112K, reserved 1179648K
  class space    used 17482K, committed 17984K, reserved 1048576K
}
Event: 1636.035 GC heap after
{Heap after GC invocations=45 (full 0):
 garbage-first heap   total 280576K, used 96179K [0x0000000704400000, 0x0000000800000000)
  region size 2048K, 4 young (8192K), 4 survivors (8192K)
 Metaspace       used 120945K, committed 122112K, reserved 1179648K
  class space    used 17482K, committed 17984K, reserved 1048576K
}
Event: 1762.376 GC heap before
{Heap before GC invocations=45 (full 0):
 garbage-first heap   total 280576K, used 227251K [0x0000000704400000, 0x0000000800000000)
  region size 2048K, 70 young (143360K), 4 survivors (8192K)
 Metaspace       used 121006K, committed 122240K, reserved 1179648K
  class space    used 17499K, committed 18048K, reserved 1048576K
}
Event: 1762.386 GC heap after
{Heap after GC invocations=46 (full 0):
 garbage-first heap   total 280576K, used 96683K [0x0000000704400000, 0x0000000800000000)
  region size 2048K, 5 young (10240K), 5 survivors (10240K)
 Metaspace       used 121006K, committed 122240K, reserved 1179648K
  class space    used 17499K, committed 18048K, reserved 1048576K
}
Event: 2159.553 GC heap before
{Heap before GC invocations=47 (full 0):
 garbage-first heap   total 280576K, used 250283K [0x0000000704400000, 0x0000000800000000)
  region size 2048K, 81 young (165888K), 5 survivors (10240K)
 Metaspace       used 121282K, committed 122432K, reserved 1179648K
  class space    used 17518K, committed 18048K, reserved 1048576K
}
Event: 2159.596 GC heap after
{Heap after GC invocations=48 (full 0):
 garbage-first heap   total 280576K, used 97226K [0x0000000704400000, 0x0000000800000000)
  region size 2048K, 5 young (10240K), 5 survivors (10240K)
 Metaspace       used 121282K, committed 122432K, reserved 1179648K
  class space    used 17518K, committed 18048K, reserved 1048576K
}

